<?xml version="1.0" encoding="UTF-8"?>
<testng-results skipped="0" failed="0" ignored="0" total="1" passed="1">
  <reporter-output>
  </reporter-output>
  <suite name="com.project.Reporter.AppTest" duration-ms="20433" started-at="2017-04-03T10:10:28Z" finished-at="2017-04-03T10:10:49Z">
    <groups>
    </groups>
    <test name="Command line test" duration-ms="20433" started-at="2017-04-03T10:10:28Z" finished-at="2017-04-03T10:10:49Z">
      <class name="com.project.Reporter.AppTest">
        <test-method status="PASS" signature="selectBrowser()[pri:0, instance:com.project.Reporter.AppTest@6e8dacdf]" name="selectBrowser" is-config="true" duration-ms="11405" started-at="2017-04-03T15:40:28Z" finished-at="2017-04-03T15:40:40Z">
          <reporter-output>
          </reporter-output>
        </test-method> <!-- selectBrowser -->
        <test-method status="PASS" signature="verifyLogin()[pri:0, instance:com.project.Reporter.AppTest@6e8dacdf]" name="verifyLogin" duration-ms="9015" started-at="2017-04-03T15:40:40Z" finished-at="2017-04-03T15:40:49Z">
          <reporter-output>
          </reporter-output>
        </test-method> <!-- verifyLogin -->
      </class> <!-- com.project.Reporter.AppTest -->
    </test> <!-- Command line test -->
  </suite> <!-- com.project.Reporter.AppTest -->
</testng-results>
